{"uid":"1dc8e4f8d3395320","name":"This test verifies the functionality of opening the street map and checking its visibility.","fullName":"tests.ui.EventMapTest.checkMapMarker","historyId":"33953c48a5cb1ae78ab4df94d2935e33","time":{"start":1740060981477,"stop":1740060982425,"duration":948},"description":"The test logs into the application, sets the geolocation, opens the event page, clicks on the map, and asserts that the map is displayed.","descriptionHtml":"<p>The test logs into the application, sets the geolocation, opens the event page, clicks on the map, and asserts that the map is displayed.</p>\n","status":"broken","statusMessage":"class org.openqa.selenium.edge.EdgeDriver cannot be cast to class org.openqa.selenium.chrome.ChromeDriver (org.openqa.selenium.edge.EdgeDriver and org.openqa.selenium.chrome.ChromeDriver are in unnamed module of loader 'app')","statusTrace":"java.lang.ClassCastException: class org.openqa.selenium.edge.EdgeDriver cannot be cast to class org.openqa.selenium.chrome.ChromeDriver (org.openqa.selenium.edge.EdgeDriver and org.openqa.selenium.chrome.ChromeDriver are in unnamed module of loader 'app')\n\tat pages.EventPage.setGeolocation(EventPage.java:55)\n\tat steps.EventStep.setGeolocation(EventStep.java:34)\n\tat tests.ui.EventMapTest.checkMapMarker(EventMapTest.java:28)\n\tat java.base/jdk.internal.reflect.NativeMethodAccessorImpl.invoke0(Native Method)\n\tat java.base/jdk.internal.reflect.NativeMethodAccessorImpl.invoke(NativeMethodAccessorImpl.java:77)\n\tat java.base/jdk.internal.reflect.DelegatingMethodAccessorImpl.invoke(DelegatingMethodAccessorImpl.java:43)\n\tat java.base/java.lang.reflect.Method.invoke(Method.java:569)\n\tat org.testng.internal.invokers.MethodInvocationHelper.invokeMethod(MethodInvocationHelper.java:141)\n\tat org.testng.internal.invokers.TestInvoker.invokeMethod(TestInvoker.java:686)\n\tat org.testng.internal.invokers.TestInvoker.retryFailed(TestInvoker.java:269)\n\tat org.testng.internal.invokers.MethodRunner.runInSequence(MethodRunner.java:76)\n\tat org.testng.internal.invokers.TestInvoker$MethodInvocationAgent.invoke(TestInvoker.java:992)\n\tat org.testng.internal.invokers.TestInvoker.invokeTestMethods(TestInvoker.java:203)\n\tat org.testng.internal.invokers.TestMethodWorker.invokeTestMethods(TestMethodWorker.java:154)\n\tat org.testng.internal.invokers.TestMethodWorker.run(TestMethodWorker.java:134)\n\tat java.base/java.util.ArrayList.forEach(ArrayList.java:1511)\n\tat org.testng.TestRunner.privateRun(TestRunner.java:739)\n\tat org.testng.TestRunner.run(TestRunner.java:614)\n\tat org.testng.SuiteRunner.runTest(SuiteRunner.java:421)\n\tat org.testng.SuiteRunner$SuiteWorker.run(SuiteRunner.java:463)\n\tat org.testng.internal.thread.ThreadUtil.lambda$execute$0(ThreadUtil.java:64)\n\tat java.base/java.util.concurrent.FutureTask.run(FutureTask.java:264)\n\tat java.base/java.util.concurrent.ThreadPoolExecutor.runWorker(ThreadPoolExecutor.java:1136)\n\tat java.base/java.util.concurrent.ThreadPoolExecutor$Worker.run(ThreadPoolExecutor.java:635)\n\tat java.base/java.lang.Thread.run(Thread.java:840)\n","flaky":false,"newFailed":false,"newBroken":false,"newPassed":false,"retriesCount":2,"retriesStatusChange":true,"beforeStages":[{"name":"setUp","time":{"start":1740060981049,"stop":1740060981475,"duration":426},"description":"Opening browser","status":"passed","steps":[{"name":"Open browser","time":{"start":1740060981049,"stop":1740060981475,"duration":426},"status":"passed","steps":[],"attachments":[],"parameters":[{"name":"browser","value":"edge"}],"shouldDisplayMessage":false,"stepsCount":0,"attachmentsCount":0,"hasContent":true,"attachmentStep":false}],"attachments":[],"parameters":[],"shouldDisplayMessage":false,"stepsCount":1,"attachmentsCount":0,"hasContent":true,"attachmentStep":false}],"testStage":{"description":"The test logs into the application, sets the geolocation, opens the event page, clicks on the map, and asserts that the map is displayed.","status":"broken","statusMessage":"class org.openqa.selenium.edge.EdgeDriver cannot be cast to class org.openqa.selenium.chrome.ChromeDriver (org.openqa.selenium.edge.EdgeDriver and org.openqa.selenium.chrome.ChromeDriver are in unnamed module of loader 'app')","statusTrace":"java.lang.ClassCastException: class org.openqa.selenium.edge.EdgeDriver cannot be cast to class org.openqa.selenium.chrome.ChromeDriver (org.openqa.selenium.edge.EdgeDriver and org.openqa.selenium.chrome.ChromeDriver are in unnamed module of loader 'app')\n\tat pages.EventPage.setGeolocation(EventPage.java:55)\n\tat steps.EventStep.setGeolocation(EventStep.java:34)\n\tat tests.ui.EventMapTest.checkMapMarker(EventMapTest.java:28)\n\tat java.base/jdk.internal.reflect.NativeMethodAccessorImpl.invoke0(Native Method)\n\tat java.base/jdk.internal.reflect.NativeMethodAccessorImpl.invoke(NativeMethodAccessorImpl.java:77)\n\tat java.base/jdk.internal.reflect.DelegatingMethodAccessorImpl.invoke(DelegatingMethodAccessorImpl.java:43)\n\tat java.base/java.lang.reflect.Method.invoke(Method.java:569)\n\tat org.testng.internal.invokers.MethodInvocationHelper.invokeMethod(MethodInvocationHelper.java:141)\n\tat org.testng.internal.invokers.TestInvoker.invokeMethod(TestInvoker.java:686)\n\tat org.testng.internal.invokers.TestInvoker.retryFailed(TestInvoker.java:269)\n\tat org.testng.internal.invokers.MethodRunner.runInSequence(MethodRunner.java:76)\n\tat org.testng.internal.invokers.TestInvoker$MethodInvocationAgent.invoke(TestInvoker.java:992)\n\tat org.testng.internal.invokers.TestInvoker.invokeTestMethods(TestInvoker.java:203)\n\tat org.testng.internal.invokers.TestMethodWorker.invokeTestMethods(TestMethodWorker.java:154)\n\tat org.testng.internal.invokers.TestMethodWorker.run(TestMethodWorker.java:134)\n\tat java.base/java.util.ArrayList.forEach(ArrayList.java:1511)\n\tat org.testng.TestRunner.privateRun(TestRunner.java:739)\n\tat org.testng.TestRunner.run(TestRunner.java:614)\n\tat org.testng.SuiteRunner.runTest(SuiteRunner.java:421)\n\tat org.testng.SuiteRunner$SuiteWorker.run(SuiteRunner.java:463)\n\tat org.testng.internal.thread.ThreadUtil.lambda$execute$0(ThreadUtil.java:64)\n\tat java.base/java.util.concurrent.FutureTask.run(FutureTask.java:264)\n\tat java.base/java.util.concurrent.ThreadPoolExecutor.runWorker(ThreadPoolExecutor.java:1136)\n\tat java.base/java.util.concurrent.ThreadPoolExecutor$Worker.run(ThreadPoolExecutor.java:635)\n\tat java.base/java.lang.Thread.run(Thread.java:840)\n","steps":[{"name":"Open the Home page","time":{"start":1740060981477,"stop":1740060981961,"duration":484},"status":"passed","steps":[],"attachments":[],"parameters":[],"shouldDisplayMessage":false,"stepsCount":0,"attachmentsCount":0,"hasContent":false,"attachmentStep":false},{"name":"Click the Sign In button","time":{"start":1740060981961,"stop":1740060982055,"duration":94},"status":"passed","steps":[],"attachments":[],"parameters":[],"shouldDisplayMessage":false,"stepsCount":0,"attachmentsCount":0,"hasContent":false,"attachmentStep":false},{"name":"Log in to the application with valid credentials - username: testaqa26@gmail.com, password.","time":{"start":1740060982056,"stop":1740060982424,"duration":368},"status":"passed","steps":[],"attachments":[],"parameters":[{"name":"userName","value":"testaqa26@gmail.com"},{"name":"password","value":"!TEaqaST26!"}],"shouldDisplayMessage":false,"stepsCount":0,"attachmentsCount":0,"hasContent":true,"attachmentStep":false},{"name":"Setting geolocation: latitude 52.52437, longitude 13.41053","time":{"start":1740060982424,"stop":1740060982424,"duration":0},"status":"broken","statusMessage":"class org.openqa.selenium.edge.EdgeDriver cannot be cast to class org.openqa.selenium.chrome.ChromeDriver (org.openqa.selenium.edge.EdgeDriver and org.openqa.selenium.chrome.ChromeDriver are in unnamed module of loader 'app')","statusTrace":"java.lang.ClassCastException: class org.openqa.selenium.edge.EdgeDriver cannot be cast to class org.openqa.selenium.chrome.ChromeDriver (org.openqa.selenium.edge.EdgeDriver and org.openqa.selenium.chrome.ChromeDriver are in unnamed module of loader 'app')\n\tat pages.EventPage.setGeolocation(EventPage.java:55)\n\tat steps.EventStep.setGeolocation(EventStep.java:34)\n\tat tests.ui.EventMapTest.checkMapMarker(EventMapTest.java:28)\n\tat java.base/jdk.internal.reflect.NativeMethodAccessorImpl.invoke0(Native Method)\n\tat java.base/jdk.internal.reflect.NativeMethodAccessorImpl.invoke(NativeMethodAccessorImpl.java:77)\n\tat java.base/jdk.internal.reflect.DelegatingMethodAccessorImpl.invoke(DelegatingMethodAccessorImpl.java:43)\n\tat java.base/java.lang.reflect.Method.invoke(Method.java:569)\n\tat org.testng.internal.invokers.MethodInvocationHelper.invokeMethod(MethodInvocationHelper.java:141)\n\tat org.testng.internal.invokers.TestInvoker.invokeMethod(TestInvoker.java:686)\n\tat org.testng.internal.invokers.TestInvoker.retryFailed(TestInvoker.java:269)\n\tat org.testng.internal.invokers.MethodRunner.runInSequence(MethodRunner.java:76)\n\tat org.testng.internal.invokers.TestInvoker$MethodInvocationAgent.invoke(TestInvoker.java:992)\n\tat org.testng.internal.invokers.TestInvoker.invokeTestMethods(TestInvoker.java:203)\n\tat org.testng.internal.invokers.TestMethodWorker.invokeTestMethods(TestMethodWorker.java:154)\n\tat org.testng.internal.invokers.TestMethodWorker.run(TestMethodWorker.java:134)\n\tat java.base/java.util.ArrayList.forEach(ArrayList.java:1511)\n\tat org.testng.TestRunner.privateRun(TestRunner.java:739)\n\tat org.testng.TestRunner.run(TestRunner.java:614)\n\tat org.testng.SuiteRunner.runTest(SuiteRunner.java:421)\n\tat org.testng.SuiteRunner$SuiteWorker.run(SuiteRunner.java:463)\n\tat org.testng.internal.thread.ThreadUtil.lambda$execute$0(ThreadUtil.java:64)\n\tat java.base/java.util.concurrent.FutureTask.run(FutureTask.java:264)\n\tat java.base/java.util.concurrent.ThreadPoolExecutor.runWorker(ThreadPoolExecutor.java:1136)\n\tat java.base/java.util.concurrent.ThreadPoolExecutor$Worker.run(ThreadPoolExecutor.java:635)\n\tat java.base/java.lang.Thread.run(Thread.java:840)\n","steps":[],"attachments":[],"parameters":[{"name":"latitude","value":"52.52437"},{"name":"longitude","value":"13.41053"},{"name":"accuracy","value":"1.0"}],"shouldDisplayMessage":true,"stepsCount":0,"attachmentsCount":0,"hasContent":true,"attachmentStep":false}],"attachments":[],"parameters":[],"shouldDisplayMessage":false,"stepsCount":4,"attachmentsCount":0,"hasContent":true,"attachmentStep":false},"afterStages":[{"name":"tearDown","time":{"start":1740060982426,"stop":1740060983619,"duration":1193},"description":"Close browser after each test and take screenshot if failed","status":"passed","steps":[{"name":"Close browser","time":{"start":1740060982426,"stop":1740060983619,"duration":1193},"status":"passed","steps":[],"attachments":[{"uid":"2b2c9b3b2bb2a62e","name":"screenshot","source":"2b2c9b3b2bb2a62e.png","type":"image/png","size":27769}],"parameters":[{"name":"result","value":"[TestResult name=checkMapMarker status=FAILURE method=EventMapTest.checkMapMarker()[pri:0, instance:tests.ui.EventMapTest@72e5f018] output={null}]"}],"shouldDisplayMessage":false,"stepsCount":0,"attachmentsCount":1,"hasContent":true,"attachmentStep":false}],"attachments":[],"parameters":[],"shouldDisplayMessage":false,"stepsCount":1,"attachmentsCount":1,"hasContent":true,"attachmentStep":false}],"labels":[{"name":"package","value":"tests.ui.EventMapTest"},{"name":"testClass","value":"tests.ui.EventMapTest"},{"name":"testMethod","value":"checkMapMarker"},{"name":"parentSuite","value":"Meeting with friends CrossBrowserTest"},{"name":"suite","value":"Edge"},{"name":"subSuite","value":"tests.ui.EventMapTest"},{"name":"host","value":"fv-az1335-749"},{"name":"thread","value":"2405@fv-az1335-749.TestNG-tests-3(23)"},{"name":"framework","value":"testng"},{"name":"language","value":"java"},{"name":"owner","value":"Elizaveta Nikolaenya"},{"name":"severity","value":"critical"},{"name":"resultFormat","value":"allure2"}],"parameters":[{"name":"browser","value":"edge"}],"links":[],"hidden":false,"retry":false,"extra":{"severity":"critical","owner":"Elizaveta Nikolaenya","retries":[{"uid":"7edd6c0cef5f85c","status":"skipped","statusDetails":"class org.openqa.selenium.edge.EdgeDriver cannot be cast to class org.openqa.selenium.chrome.ChromeDriver (org.openqa.selenium.edge.EdgeDriver and org.openqa.selenium.chrome.ChromeDriver are in unnamed module of loader 'app')","time":{"start":1740060978607,"stop":1740060979975,"duration":1368}},{"uid":"2f907e86ce7ac002","status":"skipped","statusDetails":"class org.openqa.selenium.edge.EdgeDriver cannot be cast to class org.openqa.selenium.chrome.ChromeDriver (org.openqa.selenium.edge.EdgeDriver and org.openqa.selenium.chrome.ChromeDriver are in unnamed module of loader 'app')","time":{"start":1740060976023,"stop":1740060977089,"duration":1066}}],"categories":[{"name":"Test defects","matchedStatuses":[],"flaky":false}],"history":{"statistic":{"failed":0,"broken":2,"skipped":0,"passed":0,"unknown":0,"total":2},"items":[{"uid":"3c2e31a537bda9a6","reportUrl":"https://vmccnc.github.io/meeting-with-friends-aqa-java/5//#testresult/3c2e31a537bda9a6","status":"broken","statusDetails":"class org.openqa.selenium.edge.EdgeDriver cannot be cast to class org.openqa.selenium.chrome.ChromeDriver (org.openqa.selenium.edge.EdgeDriver and org.openqa.selenium.chrome.ChromeDriver are in unnamed module of loader 'app')","time":{"start":1740059359023,"stop":1740059360096,"duration":1073}}]},"tags":[]},"source":"1dc8e4f8d3395320.json","parameterValues":["edge"]}