{"uid":"24bc3c7ed316b6b3","name":"This test verifies the functionality of opening the street map and checking its visibility.","fullName":"tests.ui.EventMapTest.checkMapMarker","historyId":"fbb0510e3a19dac36d53d2550c9a5751","time":{"start":1740059377860,"stop":1740059380694,"duration":2834},"description":"The test logs into the application, sets the geolocation, opens the event page, clicks on the map, and asserts that the map is displayed.","descriptionHtml":"<p>The test logs into the application, sets the geolocation, opens the event page, clicks on the map, and asserts that the map is displayed.</p>\n","status":"broken","statusMessage":"class org.openqa.selenium.firefox.FirefoxDriver cannot be cast to class org.openqa.selenium.chrome.ChromeDriver (org.openqa.selenium.firefox.FirefoxDriver and org.openqa.selenium.chrome.ChromeDriver are in unnamed module of loader 'app')","statusTrace":"java.lang.ClassCastException: class org.openqa.selenium.firefox.FirefoxDriver cannot be cast to class org.openqa.selenium.chrome.ChromeDriver (org.openqa.selenium.firefox.FirefoxDriver and org.openqa.selenium.chrome.ChromeDriver are in unnamed module of loader 'app')\n\tat pages.EventPage.setGeolocation(EventPage.java:55)\n\tat steps.EventStep.setGeolocation(EventStep.java:34)\n\tat tests.ui.EventMapTest.checkMapMarker(EventMapTest.java:28)\n\tat java.base/jdk.internal.reflect.NativeMethodAccessorImpl.invoke0(Native Method)\n\tat java.base/jdk.internal.reflect.NativeMethodAccessorImpl.invoke(NativeMethodAccessorImpl.java:77)\n\tat java.base/jdk.internal.reflect.DelegatingMethodAccessorImpl.invoke(DelegatingMethodAccessorImpl.java:43)\n\tat java.base/java.lang.reflect.Method.invoke(Method.java:569)\n\tat org.testng.internal.invokers.MethodInvocationHelper.invokeMethod(MethodInvocationHelper.java:141)\n\tat org.testng.internal.invokers.TestInvoker.invokeMethod(TestInvoker.java:686)\n\tat org.testng.internal.invokers.TestInvoker.retryFailed(TestInvoker.java:269)\n\tat org.testng.internal.invokers.MethodRunner.runInSequence(MethodRunner.java:76)\n\tat org.testng.internal.invokers.TestInvoker$MethodInvocationAgent.invoke(TestInvoker.java:992)\n\tat org.testng.internal.invokers.TestInvoker.invokeTestMethods(TestInvoker.java:203)\n\tat org.testng.internal.invokers.TestMethodWorker.invokeTestMethods(TestMethodWorker.java:154)\n\tat org.testng.internal.invokers.TestMethodWorker.run(TestMethodWorker.java:134)\n\tat java.base/java.util.ArrayList.forEach(ArrayList.java:1511)\n\tat org.testng.TestRunner.privateRun(TestRunner.java:739)\n\tat org.testng.TestRunner.run(TestRunner.java:614)\n\tat org.testng.SuiteRunner.runTest(SuiteRunner.java:421)\n\tat org.testng.SuiteRunner$SuiteWorker.run(SuiteRunner.java:463)\n\tat org.testng.internal.thread.ThreadUtil.lambda$execute$0(ThreadUtil.java:64)\n\tat java.base/java.util.concurrent.FutureTask.run(FutureTask.java:264)\n\tat java.base/java.util.concurrent.ThreadPoolExecutor.runWorker(ThreadPoolExecutor.java:1136)\n\tat java.base/java.util.concurrent.ThreadPoolExecutor$Worker.run(ThreadPoolExecutor.java:635)\n\tat java.base/java.lang.Thread.run(Thread.java:840)\n","flaky":false,"newFailed":false,"newBroken":false,"newPassed":false,"retriesCount":2,"retriesStatusChange":true,"beforeStages":[{"name":"setUp","time":{"start":1740059375816,"stop":1740059377859,"duration":2043},"description":"Opening browser","status":"passed","steps":[{"name":"Open browser","time":{"start":1740059375816,"stop":1740059377859,"duration":2043},"status":"passed","steps":[],"attachments":[],"parameters":[{"name":"browser","value":"firefox"}],"shouldDisplayMessage":false,"stepsCount":0,"attachmentsCount":0,"hasContent":true,"attachmentStep":false}],"attachments":[],"parameters":[],"shouldDisplayMessage":false,"stepsCount":1,"attachmentsCount":0,"hasContent":true,"attachmentStep":false}],"testStage":{"description":"The test logs into the application, sets the geolocation, opens the event page, clicks on the map, and asserts that the map is displayed.","status":"broken","statusMessage":"class org.openqa.selenium.firefox.FirefoxDriver cannot be cast to class org.openqa.selenium.chrome.ChromeDriver (org.openqa.selenium.firefox.FirefoxDriver and org.openqa.selenium.chrome.ChromeDriver are in unnamed module of loader 'app')","statusTrace":"java.lang.ClassCastException: class org.openqa.selenium.firefox.FirefoxDriver cannot be cast to class org.openqa.selenium.chrome.ChromeDriver (org.openqa.selenium.firefox.FirefoxDriver and org.openqa.selenium.chrome.ChromeDriver are in unnamed module of loader 'app')\n\tat pages.EventPage.setGeolocation(EventPage.java:55)\n\tat steps.EventStep.setGeolocation(EventStep.java:34)\n\tat tests.ui.EventMapTest.checkMapMarker(EventMapTest.java:28)\n\tat java.base/jdk.internal.reflect.NativeMethodAccessorImpl.invoke0(Native Method)\n\tat java.base/jdk.internal.reflect.NativeMethodAccessorImpl.invoke(NativeMethodAccessorImpl.java:77)\n\tat java.base/jdk.internal.reflect.DelegatingMethodAccessorImpl.invoke(DelegatingMethodAccessorImpl.java:43)\n\tat java.base/java.lang.reflect.Method.invoke(Method.java:569)\n\tat org.testng.internal.invokers.MethodInvocationHelper.invokeMethod(MethodInvocationHelper.java:141)\n\tat org.testng.internal.invokers.TestInvoker.invokeMethod(TestInvoker.java:686)\n\tat org.testng.internal.invokers.TestInvoker.retryFailed(TestInvoker.java:269)\n\tat org.testng.internal.invokers.MethodRunner.runInSequence(MethodRunner.java:76)\n\tat org.testng.internal.invokers.TestInvoker$MethodInvocationAgent.invoke(TestInvoker.java:992)\n\tat org.testng.internal.invokers.TestInvoker.invokeTestMethods(TestInvoker.java:203)\n\tat org.testng.internal.invokers.TestMethodWorker.invokeTestMethods(TestMethodWorker.java:154)\n\tat org.testng.internal.invokers.TestMethodWorker.run(TestMethodWorker.java:134)\n\tat java.base/java.util.ArrayList.forEach(ArrayList.java:1511)\n\tat org.testng.TestRunner.privateRun(TestRunner.java:739)\n\tat org.testng.TestRunner.run(TestRunner.java:614)\n\tat org.testng.SuiteRunner.runTest(SuiteRunner.java:421)\n\tat org.testng.SuiteRunner$SuiteWorker.run(SuiteRunner.java:463)\n\tat org.testng.internal.thread.ThreadUtil.lambda$execute$0(ThreadUtil.java:64)\n\tat java.base/java.util.concurrent.FutureTask.run(FutureTask.java:264)\n\tat java.base/java.util.concurrent.ThreadPoolExecutor.runWorker(ThreadPoolExecutor.java:1136)\n\tat java.base/java.util.concurrent.ThreadPoolExecutor$Worker.run(ThreadPoolExecutor.java:635)\n\tat java.base/java.lang.Thread.run(Thread.java:840)\n","steps":[{"name":"Open the Home page","time":{"start":1740059377861,"stop":1740059380124,"duration":2263},"status":"passed","steps":[],"attachments":[],"parameters":[],"shouldDisplayMessage":false,"stepsCount":0,"attachmentsCount":0,"hasContent":false,"attachmentStep":false},{"name":"Click the Sign In button","time":{"start":1740059380124,"stop":1740059380396,"duration":272},"status":"passed","steps":[],"attachments":[],"parameters":[],"shouldDisplayMessage":false,"stepsCount":0,"attachmentsCount":0,"hasContent":false,"attachmentStep":false},{"name":"Log in to the application with valid credentials - username: testaqa26@gmail.com, password.","time":{"start":1740059380396,"stop":1740059380693,"duration":297},"status":"passed","steps":[],"attachments":[],"parameters":[{"name":"userName","value":"testaqa26@gmail.com"},{"name":"password","value":"!TEaqaST26!"}],"shouldDisplayMessage":false,"stepsCount":0,"attachmentsCount":0,"hasContent":true,"attachmentStep":false},{"name":"Setting geolocation: latitude 52.52437, longitude 13.41053","time":{"start":1740059380694,"stop":1740059380694,"duration":0},"status":"broken","statusMessage":"class org.openqa.selenium.firefox.FirefoxDriver cannot be cast to class org.openqa.selenium.chrome.ChromeDriver (org.openqa.selenium.firefox.FirefoxDriver and org.openqa.selenium.chrome.ChromeDriver are in unnamed module of loader 'app')","statusTrace":"java.lang.ClassCastException: class org.openqa.selenium.firefox.FirefoxDriver cannot be cast to class org.openqa.selenium.chrome.ChromeDriver (org.openqa.selenium.firefox.FirefoxDriver and org.openqa.selenium.chrome.ChromeDriver are in unnamed module of loader 'app')\n\tat pages.EventPage.setGeolocation(EventPage.java:55)\n\tat steps.EventStep.setGeolocation(EventStep.java:34)\n\tat tests.ui.EventMapTest.checkMapMarker(EventMapTest.java:28)\n\tat java.base/jdk.internal.reflect.NativeMethodAccessorImpl.invoke0(Native Method)\n\tat java.base/jdk.internal.reflect.NativeMethodAccessorImpl.invoke(NativeMethodAccessorImpl.java:77)\n\tat java.base/jdk.internal.reflect.DelegatingMethodAccessorImpl.invoke(DelegatingMethodAccessorImpl.java:43)\n\tat java.base/java.lang.reflect.Method.invoke(Method.java:569)\n\tat org.testng.internal.invokers.MethodInvocationHelper.invokeMethod(MethodInvocationHelper.java:141)\n\tat org.testng.internal.invokers.TestInvoker.invokeMethod(TestInvoker.java:686)\n\tat org.testng.internal.invokers.TestInvoker.retryFailed(TestInvoker.java:269)\n\tat org.testng.internal.invokers.MethodRunner.runInSequence(MethodRunner.java:76)\n\tat org.testng.internal.invokers.TestInvoker$MethodInvocationAgent.invoke(TestInvoker.java:992)\n\tat org.testng.internal.invokers.TestInvoker.invokeTestMethods(TestInvoker.java:203)\n\tat org.testng.internal.invokers.TestMethodWorker.invokeTestMethods(TestMethodWorker.java:154)\n\tat org.testng.internal.invokers.TestMethodWorker.run(TestMethodWorker.java:134)\n\tat java.base/java.util.ArrayList.forEach(ArrayList.java:1511)\n\tat org.testng.TestRunner.privateRun(TestRunner.java:739)\n\tat org.testng.TestRunner.run(TestRunner.java:614)\n\tat org.testng.SuiteRunner.runTest(SuiteRunner.java:421)\n\tat org.testng.SuiteRunner$SuiteWorker.run(SuiteRunner.java:463)\n\tat org.testng.internal.thread.ThreadUtil.lambda$execute$0(ThreadUtil.java:64)\n\tat java.base/java.util.concurrent.FutureTask.run(FutureTask.java:264)\n\tat java.base/java.util.concurrent.ThreadPoolExecutor.runWorker(ThreadPoolExecutor.java:1136)\n\tat java.base/java.util.concurrent.ThreadPoolExecutor$Worker.run(ThreadPoolExecutor.java:635)\n\tat java.base/java.lang.Thread.run(Thread.java:840)\n","steps":[],"attachments":[],"parameters":[{"name":"latitude","value":"52.52437"},{"name":"longitude","value":"13.41053"},{"name":"accuracy","value":"1.0"}],"shouldDisplayMessage":true,"stepsCount":0,"attachmentsCount":0,"hasContent":true,"attachmentStep":false}],"attachments":[],"parameters":[],"shouldDisplayMessage":false,"stepsCount":4,"attachmentsCount":0,"hasContent":true,"attachmentStep":false},"afterStages":[{"name":"tearDown","time":{"start":1740059380695,"stop":1740059381368,"duration":673},"description":"Close browser after each test and take screenshot if failed","status":"passed","steps":[{"name":"Close browser","time":{"start":1740059380695,"stop":1740059381368,"duration":673},"status":"passed","steps":[],"attachments":[{"uid":"c66b14380401a8f7","name":"screenshot","source":"c66b14380401a8f7.png","type":"image/png","size":44415}],"parameters":[{"name":"result","value":"[TestResult name=checkMapMarker status=FAILURE method=EventMapTest.checkMapMarker()[pri:0, instance:tests.ui.EventMapTest@3b7b099b] output={null}]"}],"shouldDisplayMessage":false,"stepsCount":0,"attachmentsCount":1,"hasContent":true,"attachmentStep":false}],"attachments":[],"parameters":[],"shouldDisplayMessage":false,"stepsCount":1,"attachmentsCount":1,"hasContent":true,"attachmentStep":false}],"labels":[{"name":"package","value":"tests.ui.EventMapTest"},{"name":"testClass","value":"tests.ui.EventMapTest"},{"name":"testMethod","value":"checkMapMarker"},{"name":"parentSuite","value":"Meeting with friends CrossBrowserTest"},{"name":"suite","value":"FireFox"},{"name":"subSuite","value":"tests.ui.EventMapTest"},{"name":"host","value":"fv-az1336-681"},{"name":"thread","value":"2424@fv-az1336-681.TestNG-tests-2(22)"},{"name":"framework","value":"testng"},{"name":"language","value":"java"},{"name":"owner","value":"Elizaveta Nikolaenya"},{"name":"severity","value":"critical"},{"name":"resultFormat","value":"allure2"}],"parameters":[{"name":"browser","value":"firefox"}],"links":[],"hidden":false,"retry":false,"extra":{"severity":"critical","owner":"Elizaveta Nikolaenya","retries":[{"uid":"1c60b62da30d3234","status":"skipped","statusDetails":"class org.openqa.selenium.firefox.FirefoxDriver cannot be cast to class org.openqa.selenium.chrome.ChromeDriver (org.openqa.selenium.firefox.FirefoxDriver and org.openqa.selenium.chrome.ChromeDriver are in unnamed module of loader 'app')","time":{"start":1740059372538,"stop":1740059375149,"duration":2611}},{"uid":"717e4526233bebed","status":"skipped","statusDetails":"class org.openqa.selenium.firefox.FirefoxDriver cannot be cast to class org.openqa.selenium.chrome.ChromeDriver (org.openqa.selenium.firefox.FirefoxDriver and org.openqa.selenium.chrome.ChromeDriver are in unnamed module of loader 'app')","time":{"start":1740059367037,"stop":1740059369877,"duration":2840}}],"categories":[{"name":"Test defects","matchedStatuses":[],"flaky":false}],"tags":[]},"source":"24bc3c7ed316b6b3.json","parameterValues":["firefox"]}